<?xml version="1.0" encoding="UTF-8"?>
<!-- Generated by org.testng.reporters.JUnitReportReporter -->
<testsuite skipped="0" hostname="MUNTASIR-BOCTC10" name="com.TestNGDemo.LoginTestCase2" tests="1" failures="0" timestamp="2020-10-10T17:05:11 BDT" time="4.835" errors="0">
  <testcase name="LoginAction" time="4.835" classname="com.TestNGDemo.LoginTestCase2"/>
  <system-out/>
</testsuite> <!-- com.TestNGDemo.LoginTestCase2 -->
