<?xml version="1.0" encoding="UTF-8"?>
<!-- Generated by org.testng.reporters.JUnitReportReporter -->
<testsuite skipped="0" hostname="MUNTASIR-BOCTC10" name="com.TestNGDemo.LoginTest" tests="1" failures="0" timestamp="2020-10-10T17:00:23 BDT" time="11.360" errors="0">
  <testcase name="LoginAction" time="11.360" classname="com.TestNGDemo.LoginTest"/>
  <system-out/>
</testsuite> <!-- com.TestNGDemo.LoginTest -->
