<?xml version="1.0" encoding="UTF-8"?>
<!-- Generated by org.testng.reporters.JUnitReportReporter -->
<testsuite skipped="0" hostname="MUNTASIR-BOCTC10" name="com.TestNGDemo.Basic" tests="1" failures="0" timestamp="2020-10-10T15:47:19 BDT" time="0.007" errors="0">
  <testcase name="Calculation" time="0.007" classname="com.TestNGDemo.Basic"/>
  <system-out/>
</testsuite> <!-- com.TestNGDemo.Basic -->
