<?xml version="1.0" encoding="UTF-8"?>
<!-- Generated by org.testng.reporters.JUnitReportReporter -->
<testsuite skipped="0" hostname="MUNTASIR-BOCTC10" name="com.Base.BaseClass" tests="1" failures="0" timestamp="2020-10-17T15:55:43 BDT" time="15.015" errors="0">
  <testcase name="browser" time="15.015" classname="com.Base.BaseClass"/>
  <system-out/>
</testsuite> <!-- com.Base.BaseClass -->
