<?xml version="1.0" encoding="UTF-8"?>
<!-- Generated by org.testng.reporters.JUnitReportReporter -->
<testsuite skipped="0" hostname="MUNTASIR-BOCTC10" name="com.TestNGDemo.LoginTestCase1" tests="1" failures="0" timestamp="2020-10-10T17:05:11 BDT" time="7.946" errors="0">
  <testcase name="LoginAction" time="7.946" classname="com.TestNGDemo.LoginTestCase1"/>
  <system-out/>
</testsuite> <!-- com.TestNGDemo.LoginTestCase1 -->
