<?xml version="1.0" encoding="UTF-8"?>
<!-- Generated by org.testng.reporters.JUnitReportReporter -->
<testsuite skipped="0" hostname="MUNTASIR-BOCTC10" name="com.TestNGDemo.DataProviderTest" tests="3" failures="0" timestamp="2020-10-10T17:25:55 BDT" time="73.370" errors="0">
  <testcase name="f" time="29.680" classname="com.TestNGDemo.DataProviderTest"/>
  <system-out/>
  <testcase name="f" time="13.657" classname="com.TestNGDemo.DataProviderTest"/>
  <system-out/>
  <testcase name="f" time="30.033" classname="com.TestNGDemo.DataProviderTest"/>
  <system-out/>
</testsuite> <!-- com.TestNGDemo.DataProviderTest -->
