<?xml version="1.0" encoding="UTF-8"?>
<!-- Generated by org.testng.reporters.JUnitReportReporter -->
<testsuite skipped="0" hostname="MUNTASIR-BOCTC10" name="com.TestCases.Login_TC2" tests="1" failures="0" timestamp="2020-10-17T17:00:51 BDT" time="6.907" errors="0">
  <testcase name="LoginTest" time="6.907" classname="com.TestCases.Login_TC2"/>
  <system-out/>
</testsuite> <!-- com.TestCases.Login_TC2 -->
